#
# A fatal error has been detected by the Java Runtime Environment:
#
#  Internal Error (javaClasses.cpp:136), pid=6104, tid=6864
#  fatal error: Invalid layout of preloaded class
#
# JRE version:  (7.0_71-b14) (build )
# Java VM: Java HotSpot(TM) Client VM (24.71-b01 mixed mode windows-x86 )
# Failed to write core dump. Minidumps are not enabled by default on client versions of Windows
#
# If you would like to submit a bug report, please visit:
#   http://bugreport.sun.com/bugreport/crash.jsp
#

---------------  T H R E A D  ---------------

Current thread (0x0021c000):  JavaThread "Unknown thread" [_thread_in_vm, id=6864, stack(0x01b20000,0x01b70000)]

Stack: [0x01b20000,0x01b70000],  sp=0x01b6f4a0,  free space=317k
Native frames: (J=compiled Java code, j=interpreted, Vv=VM code, C=native code)
V  [jvm.dll+0x1911e4]
V  [jvm.dll+0x18ae66]
V  [jvm.dll+0x35f00]
V  [jvm.dll+0x35f86]
V  [jvm.dll+0x447ed]
V  [jvm.dll+0x44a9e]
V  [jvm.dll+0x9395a]
V  [jvm.dll+0x93d0b]
V  [jvm.dll+0x140831]
V  [jvm.dll+0x16341c]
V  [jvm.dll+0xca7bf]
C  [javaw.exe+0x13ce]
C  [javaw.exe+0x1e40]
C  [javaw.exe+0xa601]
C  [javaw.exe+0xa68b]
C  [kernel32.dll+0x4ed5c]
C  [ntdll.dll+0x637eb]
C  [ntdll.dll+0x637be]


---------------  P R O C E S S  ---------------

Java Threads: ( => current thread )

Other Threads:

=>0x0021c000 (exited) JavaThread "Unknown thread" [_thread_in_vm, id=6864, stack(0x01b20000,0x01b70000)]

VM state:not at safepoint (not fully initialized)

VM Mutex/Monitor currently owned by a thread: None

GC Heap History (0 events):
No events

Deoptimization events (0 events):
No events

Internal exceptions (0 events):
No events

Events (10 events):
Event: 2.019 loading class 0x011894e8 done
Event: 2.019 loading class 0x01188f78 done
Event: 2.019 loading class 0x01188f58
Event: 2.019 loading class 0x011902a0
Event: 2.019 loading class 0x011902a0 done
Event: 2.019 loading class 0x011902d0
Event: 2.054 loading class 0x011902d0 done
Event: 2.054 loading class 0x01190300
Event: 2.054 loading class 0x01190300 done
Event: 2.055 loading class 0x01188f58 done


Dynamic libraries:
0x00030000 - 0x0005f000 	D:\Program Files\Java\jdk1.7.0_71\bin\javaw.exe
0x773e0000 - 0x7751c000 	C:\Windows\SYSTEM32\ntdll.dll
0x75650000 - 0x75724000 	C:\Windows\system32\kernel32.dll
0x754c0000 - 0x7550b000 	C:\Windows\system32\KERNELBASE.dll
0x77310000 - 0x773b0000 	C:\Windows\system32\ADVAPI32.dll
0x75f60000 - 0x7600c000 	C:\Windows\system32\msvcrt.dll
0x75730000 - 0x75749000 	C:\Windows\SYSTEM32\sechost.dll
0x75cc0000 - 0x75d62000 	C:\Windows\system32\RPCRT4.dll
0x75750000 - 0x75819000 	C:\Windows\system32\USER32.dll
0x755c0000 - 0x7560e000 	C:\Windows\system32\GDI32.dll
0x760e0000 - 0x760ea000 	C:\Windows\system32\LPK.dll
0x75820000 - 0x758bd000 	C:\Windows\system32\USP10.dll
0x74190000 - 0x7432e000 	C:\Windows\WinSxS\x86_microsoft.windows.common-controls_6595b64144ccf1df_6.0.7601.17514_none_41e6975e2bd6f2b2\COMCTL32.dll
0x75b20000 - 0x75b77000 	C:\Windows\system32\SHLWAPI.dll
0x773b0000 - 0x773cf000 	C:\Windows\system32\IMM32.DLL
0x76010000 - 0x760dc000 	C:\Windows\system32\MSCTF.dll
0x59140000 - 0x591ff000 	D:\Program Files\Java\jdk1.7.0_71\jre\bin\msvcr100.dll
0x671b0000 - 0x67539000 	D:\Program Files\Java\jdk1.7.0_71\jre\bin\client\jvm.dll
0x6f380000 - 0x6f387000 	C:\Windows\system32\WSOCK32.dll
0x772d0000 - 0x77305000 	C:\Windows\system32\WS2_32.dll
0x75b80000 - 0x75b86000 	C:\Windows\system32\NSI.dll
0x752a0000 - 0x752d2000 	C:\Windows\system32\WINMM.dll
0x773d0000 - 0x773d5000 	C:\Windows\system32\PSAPI.DLL
0x723f0000 - 0x723fc000 	D:\Program Files\Java\jdk1.7.0_71\jre\bin\verify.dll
0x71d50000 - 0x71d70000 	D:\Program Files\Java\jdk1.7.0_71\jre\bin\java.dll
0x71720000 - 0x71733000 	D:\Program Files\Java\jdk1.7.0_71\jre\bin\zip.dll
0x6ef60000 - 0x6f04b000 	C:\Windows\system32\dbghelp.dll

VM Arguments:
jvm_args: -Dfile.encoding=UTF-8 -Xbootclasspath:E:\sdk\adt-bundle-windows-x86-20131030\sdk\platforms\android-14\android.jar 
java_command: com.fzc.rhinooffice.common.utils.test
Launcher Type: SUN_STANDARD

Environment Variables:
JAVA_HOME=D:\Program Files\Java\jdk1.7.0_71
CLASSPATH=.;D:\Program Files\Java\jdk1.7.0_71\lib\dt.jar;D:\Program Files\Java\jdk1.7.0_71\lib\tools.jar;
PATH=D:/Program Files/Java/jdk1.7.0_71/bin/../jre/bin/client;D:/Program Files/Java/jdk1.7.0_71/bin/../jre/bin;D:/Program Files/Java/jdk1.7.0_71/bin/../jre/lib/i386;C:\Program Files\MySQL\MySQL Server 5.6\bin;D:\Program Files\Java\jdk1.7.0_71\bin;D:\Program Files\Java\jdk1.7.0_71\jre\bin;C:\Windows\system32;C:\Windows;C:\Windows\System32\Wbem;C:\Windows\System32\WindowsPowerShell\v1.0\;D:\Program Files\MySQL\MySQL Server 5.0\bin;E:\tools\maven\apache-maven-3.2.3\bin;D:\Program Files\Meteor\;D:\Program Files\VisualSVN Server\bin;C:\Users\Administrator\AppData\Local\.meteor;C:\Users\Administrator\AppData\Local\.meteor\;E:\sdk\adt-bundle-windows-x86-20131030\eclipse;
USERNAME=Administrator
OS=Windows_NT
PROCESSOR_IDENTIFIER=x86 Family 6 Model 37 Stepping 2, GenuineIntel



---------------  S Y S T E M  ---------------

OS: Windows 7 Build 7601 Service Pack 1

CPU:total 4 (2 cores per cpu, 2 threads per core) family 6 model 37 stepping 2, cmov, cx8, fxsr, mmx, sse, sse2, sse3, ssse3, sse4.1, sse4.2, popcnt, ht, tsc, tscinvbit

Memory: 4k page, physical 2019892k(279324k free), swap 4194868k(492580k free)

vm_info: Java HotSpot(TM) Client VM (24.71-b01) for windows-x86 JRE (1.7.0_71-b14), built on Sep 26 2014 16:30:49 by "java_re" with unknown MS VC++:1600

time: Fri May 15 16:50:46 2015
elapsed time: 2 seconds

